<?xml version="1.0" encoding="UTF-8"?>
<testng-results ignored="0" total="3" passed="3" failed="0" skipped="0">
  <reporter-output>
  </reporter-output>
  <suite started-at="2022-07-21T16:38:57 EDT" name="Default Suite" finished-at="2022-07-21T16:38:57 EDT" duration-ms="84">
    <groups>
    </groups>
    <test started-at="2022-07-21T16:38:57 EDT" name="TestNGDemo_Maven" finished-at="2022-07-21T16:38:57 EDT" duration-ms="84">
      <class name="TestCases">
        <test-method signature="start()[pri:1, instance:TestCases@4d1c00d0]" started-at="2022-07-21T16:38:57 EDT" name="start" finished-at="2022-07-21T16:38:57 EDT" duration-ms="11" status="PASS">
          <reporter-output>
          </reporter-output>
        </test-method> <!-- start -->
        <test-method signature="mid()[pri:2, instance:TestCases@4d1c00d0]" started-at="2022-07-21T16:38:57 EDT" name="mid" finished-at="2022-07-21T16:38:57 EDT" duration-ms="1" status="PASS">
          <reporter-output>
          </reporter-output>
        </test-method> <!-- mid -->
        <test-method signature="end()[pri:3, instance:TestCases@4d1c00d0]" started-at="2022-07-21T16:38:57 EDT" name="end" finished-at="2022-07-21T16:38:57 EDT" duration-ms="0" status="PASS">
          <reporter-output>
          </reporter-output>
        </test-method> <!-- end -->
      </class> <!-- TestCases -->
    </test> <!-- TestNGDemo_Maven -->
  </suite> <!-- Default Suite -->
</testng-results>
